2023-04-02 17:13:59.499 | INFO     | scrapy.utils.log:log_scrapy_info:147 - Scrapy 2.6.3 started (bot: spider_ly)
2023-04-02 17:13:59.513 | INFO     | scrapy.utils.log:log_scrapy_info:154 - Versions: lxml 4.6.4.0, libxml2 2.9.5, cssselect 1.1.0, parsel 1.6.0, w3lib 1.22.0, Twisted 22.2.0, Python 3.10.0 (tags/v3.10.0:b494f59, Oct  4 2021, 19:00:18) [MSC v.1929 64 bit (AMD64)], pyOpenSSL 22.0.0 (OpenSSL 1.1.1m  14 Dec 2021), cryptography 36.0.1, Platform Windows-10-10.0.19041-SP0
2023-04-02 17:13:59.518 | INFO     | scrapy.crawler:__init__:60 - Overridden settings:
{'AUTOTHROTTLE_ENABLED': True,
 'BOT_NAME': 'spider_ly',
 'CONCURRENT_REQUESTS_PER_DOMAIN': 24,
 'DUPEFILTER_CLASS': 'scrapy_redis.dupefilter.RFPDupeFilter',
 'LOG_ENABLED': False,
 'LOG_FILE': '../log/erro.log',
 'LOG_LEVEL': 'ERROR',
 'NEWSPIDER_MODULE': 'spider_ly.spiders',
 'RETRY_TIMES': 5,
 'SCHEDULER': 'scrapy_redis.scheduler.Scheduler',
 'SPIDER_MODULES': ['spider_ly.spiders']}
2023-04-02 17:13:59.566 | INFO     | scrapy.extensions.telnet:__init__:55 - Telnet Password: e396b409ebf3d17c
2023-04-02 17:13:59.597 | INFO     | scrapy.middleware:from_settings:51 - Enabled extensions:
['scrapy.extensions.corestats.CoreStats',
 'scrapy.extensions.telnet.TelnetConsole',
 'scrapy.extensions.logstats.LogStats',
 'scrapy.extensions.throttle.AutoThrottle']
2023-04-02 17:14:00.119 | INFO     | scrapy.middleware:from_settings:51 - Enabled downloader middlewares:
['scrapy.downloadermiddlewares.httpauth.HttpAuthMiddleware',
 'scrapy.downloadermiddlewares.downloadtimeout.DownloadTimeoutMiddleware',
 'scrapy.downloadermiddlewares.defaultheaders.DefaultHeadersMiddleware',
 'scrapy.downloadermiddlewares.useragent.UserAgentMiddleware',
 'spider_ly.middlewares.ProxyMiddleWare',
 'scrapy.downloadermiddlewares.retry.RetryMiddleware',
 'scrapy.downloadermiddlewares.redirect.MetaRefreshMiddleware',
 'scrapy.downloadermiddlewares.httpcompression.HttpCompressionMiddleware',
 'scrapy.downloadermiddlewares.redirect.RedirectMiddleware',
 'scrapy.downloadermiddlewares.cookies.CookiesMiddleware',
 'scrapy.downloadermiddlewares.httpproxy.HttpProxyMiddleware',
 'scrapy.downloadermiddlewares.stats.DownloaderStats']
2023-04-02 17:14:00.132 | INFO     | scrapy.middleware:from_settings:51 - Enabled spider middlewares:
['scrapy.spidermiddlewares.httperror.HttpErrorMiddleware',
 'scrapy.spidermiddlewares.offsite.OffsiteMiddleware',
 'scrapy.spidermiddlewares.referer.RefererMiddleware',
 'scrapy.spidermiddlewares.urllength.UrlLengthMiddleware',
 'scrapy.spidermiddlewares.depth.DepthMiddleware']
2023-04-02 17:14:00.192 | INFO     | scrapy.middleware:from_settings:51 - Enabled item pipelines:
['spider_ly.pipelines.saveCsvScrapyPipeline',
 'spider_ly.pipelines.saveMysqlScrapyPipeline',
 'scrapy_redis.pipelines.RedisPipeline']
2023-04-02 17:14:00.193 | INFO     | scrapy.core.engine:open_spider:316 - Spider opened
2023-04-02 17:14:00.215 | INFO     | scrapy.extensions.logstats:log:48 - Crawled 0 pages (at 0 pages/min), scraped 0 items (at 0 items/min)
2023-04-02 17:14:00.218 | INFO     | scrapy.extensions.telnet:start_listening:67 - Telnet console listening on 127.0.0.1:6023
2023-04-02 17:14:00.730 | WARNING  | warnings:_showwarnmsg:109 - C:\Users\86166\AppData\Local\Programs\Python\Python310\lib\site-packages\scrapy\core\scraper.py:157: UserWarning: The "CrawlScenicSpider.parse" method is a generator and includes a "return" statement with a value different than None. This could lead to unexpected behaviour. Please see https://docs.python.org/3/reference/simple_stmts.html#the-return-statement for details about the semantics of the "return" statement within generators
  warn_on_generator_with_return_value(spider, callback)

2023-04-02 17:15:00.225 | INFO     | scrapy.extensions.logstats:log:48 - Crawled 111 pages (at 111 pages/min), scraped 55 items (at 55 items/min)
2023-04-02 17:16:00.216 | INFO     | scrapy.extensions.logstats:log:48 - Crawled 184 pages (at 73 pages/min), scraped 82 items (at 27 items/min)
2023-04-02 17:17:00.217 | INFO     | scrapy.extensions.logstats:log:48 - Crawled 257 pages (at 73 pages/min), scraped 109 items (at 27 items/min)
2023-04-02 17:18:00.217 | INFO     | scrapy.extensions.logstats:log:48 - Crawled 330 pages (at 73 pages/min), scraped 139 items (at 30 items/min)
2023-04-02 17:19:00.222 | INFO     | scrapy.extensions.logstats:log:48 - Crawled 404 pages (at 74 pages/min), scraped 166 items (at 27 items/min)
2023-04-02 17:20:00.226 | INFO     | scrapy.extensions.logstats:log:48 - Crawled 489 pages (at 85 pages/min), scraped 198 items (at 32 items/min)
2023-04-02 17:21:00.224 | INFO     | scrapy.extensions.logstats:log:48 - Crawled 569 pages (at 80 pages/min), scraped 233 items (at 35 items/min)
2023-04-02 17:22:00.220 | INFO     | scrapy.extensions.logstats:log:48 - Crawled 655 pages (at 86 pages/min), scraped 268 items (at 35 items/min)
2023-04-02 17:23:00.230 | INFO     | scrapy.extensions.logstats:log:48 - Crawled 727 pages (at 72 pages/min), scraped 296 items (at 28 items/min)
2023-04-02 17:24:00.220 | INFO     | scrapy.extensions.logstats:log:48 - Crawled 799 pages (at 72 pages/min), scraped 326 items (at 30 items/min)
2023-04-02 17:25:00.218 | INFO     | scrapy.extensions.logstats:log:48 - Crawled 867 pages (at 68 pages/min), scraped 348 items (at 22 items/min)
2023-04-02 17:26:00.222 | INFO     | scrapy.extensions.logstats:log:48 - Crawled 946 pages (at 79 pages/min), scraped 380 items (at 32 items/min)
2023-04-02 17:27:00.220 | INFO     | scrapy.extensions.logstats:log:48 - Crawled 1022 pages (at 76 pages/min), scraped 408 items (at 28 items/min)
2023-04-02 17:28:00.215 | INFO     | scrapy.extensions.logstats:log:48 - Crawled 1097 pages (at 75 pages/min), scraped 435 items (at 27 items/min)
2023-04-02 17:29:00.224 | INFO     | scrapy.extensions.logstats:log:48 - Crawled 1149 pages (at 52 pages/min), scraped 451 items (at 16 items/min)
